[ 2014-05-04T20:09:52+08:00 ] 127.0.0.1 /juhuodong/index.php/Register/register
INFO: [ route_check ] --START--
INFO: CheckRoute Behavior ::run [ RunTime:0.013543s ]
INFO: [ route_check ] --END-- [ RunTime:0.014789s ]
INFO: [ app_begin ] --START--
INFO: ReadHtmlCache Behavior ::run [ RunTime:0.008626s ]
INFO: [ app_begin ] --END-- [ RunTime:0.008984s ]
NOTIC: [2] session_start() [<a href='function.session-start'>function.session-start</a>]: Cannot send session cache limiter - headers already sent (output started at D:\Program Files (x86)\xampp\htdocs\juhuodong\Home\Conf\config.php:1) D:\Program Files (x86)\xampp\htdocs\juhuodong\ThinkPHP\Common\functions.php 第 566 行.
INFO: [ view_parse ] --START--
INFO: ParseTemplate Behavior ::run [ RunTime:0.042984s ]
INFO: [ view_parse ] --END-- [ RunTime:0.043314s ]
INFO: [ view_filter ] --START--
INFO: ContentReplace Behavior ::run [ RunTime:0.003222s ]
INFO: TokenBuild Behavior ::run [ RunTime:0.004067s ]
INFO: WriteHtmlCache Behavior ::run [ RunTime:0.002784s ]
INFO: ShowRuntime Behavior ::run [ RunTime:0.002690s ]
INFO: [ view_filter ] --END-- [ RunTime:0.013853s ]
NOTIC: [2] Cannot modify header information - headers already sent by (output started at D:\Program Files (x86)\xampp\htdocs\juhuodong\Home\Conf\config.php:1) D:\Program Files (x86)\xampp\htdocs\juhuodong\ThinkPHP\Lib\Core\View.class.php 第 95 行.
NOTIC: [2] Cannot modify header information - headers already sent by (output started at D:\Program Files (x86)\xampp\htdocs\juhuodong\Home\Conf\config.php:1) D:\Program Files (x86)\xampp\htdocs\juhuodong\ThinkPHP\Lib\Core\View.class.php 第 96 行.
NOTIC: [2] Cannot modify header information - headers already sent by (output started at D:\Program Files (x86)\xampp\htdocs\juhuodong\Home\Conf\config.php:1) D:\Program Files (x86)\xampp\htdocs\juhuodong\ThinkPHP\Lib\Core\View.class.php 第 97 行.
INFO: [ view_end ] --START--
INFO: ShowPageTrace Behavior ::run [ RunTime:0.002935s ]
INFO: [ view_end ] --END-- [ RunTime:0.003224s ]

[ 2014-05-04T20:09:52+08:00 ] 127.0.0.1 /juhuodong/index.php/Public/code/
INFO: [ route_check ] --START--
INFO: CheckRoute Behavior ::run [ RunTime:0.007353s ]
INFO: [ route_check ] --END-- [ RunTime:0.007633s ]
INFO: [ app_begin ] --START--
INFO: ReadHtmlCache Behavior ::run [ RunTime:0.002767s ]
INFO: [ app_begin ] --END-- [ RunTime:0.003007s ]
NOTIC: [2] session_start() [<a href='function.session-start'>function.session-start</a>]: Cannot send session cache limiter - headers already sent (output started at D:\Program Files (x86)\xampp\htdocs\juhuodong\Home\Conf\config.php:1) D:\Program Files (x86)\xampp\htdocs\juhuodong\ThinkPHP\Common\functions.php 第 566 行.
NOTIC: [2] Cannot modify header information - headers already sent by (output started at D:\Program Files (x86)\xampp\htdocs\juhuodong\Home\Conf\config.php:1) D:\Program Files (x86)\xampp\htdocs\juhuodong\ThinkPHP\Extend\Library\ORG\Util\Image.class.php 第 550 行.

[ 2014-05-04T20:17:27+08:00 ] 127.0.0.1 /juhuodong/index.php/Touxiang/uploadImg
INFO: [ route_check ] --START--
INFO: CheckRoute Behavior ::run [ RunTime:0.006525s ]
INFO: [ route_check ] --END-- [ RunTime:0.006931s ]
INFO: [ app_begin ] --START--
INFO: ReadHtmlCache Behavior ::run [ RunTime:0.005156s ]
INFO: [ app_begin ] --END-- [ RunTime:0.006622s ]
NOTIC: [2] session_start() [<a href='function.session-start'>function.session-start</a>]: Cannot send session cache limiter - headers already sent (output started at D:\Program Files (x86)\xampp\htdocs\juhuodong\Home\Conf\config.php:1) D:\Program Files (x86)\xampp\htdocs\juhuodong\ThinkPHP\Common\functions.php 第 566 行.
NOTIC: [8] Undefined variable: user_path D:\Program Files (x86)\xampp\htdocs\juhuodong\Home\Lib\Action\TouxiangAction.class.php 第 27 行.
NOTIC: [2] Cannot modify header information - headers already sent by (output started at D:\Program Files (x86)\xampp\htdocs\juhuodong\Home\Conf\config.php:1) D:\Program Files (x86)\xampp\htdocs\juhuodong\ThinkPHP\Lib\Core\Action.class.php 第 321 行.

[ 2014-05-04T20:17:28+08:00 ] 127.0.0.1 /juhuodong/index.php/Touxiang/undefined?random=0.699159135426898
INFO: [ route_check ] --START--
INFO: CheckRoute Behavior ::run [ RunTime:0.014426s ]
INFO: [ route_check ] --END-- [ RunTime:0.014903s ]
INFO: [ app_begin ] --START--
INFO: ReadHtmlCache Behavior ::run [ RunTime:0.005740s ]
INFO: [ app_begin ] --END-- [ RunTime:0.006272s ]
NOTIC: [2] session_start() [<a href='function.session-start'>function.session-start</a>]: Cannot send session cache limiter - headers already sent (output started at D:\Program Files (x86)\xampp\htdocs\juhuodong\Home\Conf\config.php:1) D:\Program Files (x86)\xampp\htdocs\juhuodong\ThinkPHP\Common\functions.php 第 566 行.
ERR: 非法操作:undefined

[ 2014-05-04T20:17:28+08:00 ] 127.0.0.1 /juhuodong/index.php/Touxiang/undefined?random=0.8916711828289859
INFO: [ route_check ] --START--
INFO: CheckRoute Behavior ::run [ RunTime:0.007882s ]
INFO: [ route_check ] --END-- [ RunTime:0.008301s ]
INFO: [ app_begin ] --START--
INFO: ReadHtmlCache Behavior ::run [ RunTime:0.004634s ]
INFO: [ app_begin ] --END-- [ RunTime:0.005054s ]
NOTIC: [2] session_start() [<a href='function.session-start'>function.session-start</a>]: Cannot send session cache limiter - headers already sent (output started at D:\Program Files (x86)\xampp\htdocs\juhuodong\Home\Conf\config.php:1) D:\Program Files (x86)\xampp\htdocs\juhuodong\ThinkPHP\Common\functions.php 第 566 行.
ERR: 非法操作:undefined

[ 2014-05-04T20:29:01+08:00 ] 127.0.0.1 /juhuodong/index.php/Touxiang/index
INFO: [ route_check ] --START--
INFO: CheckRoute Behavior ::run [ RunTime:0.005475s ]
INFO: [ route_check ] --END-- [ RunTime:0.005910s ]
INFO: [ app_begin ] --START--
INFO: ReadHtmlCache Behavior ::run [ RunTime:0.006809s ]
INFO: [ app_begin ] --END-- [ RunTime:0.007269s ]
NOTIC: [2] session_start() [<a href='function.session-start'>function.session-start</a>]: Cannot send session cache limiter - headers already sent (output started at D:\Program Files (x86)\xampp\htdocs\juhuodong\Home\Conf\config.php:1) D:\Program Files (x86)\xampp\htdocs\juhuodong\ThinkPHP\Common\functions.php 第 566 行.
INFO: [ view_parse ] --START--
INFO: ParseTemplate Behavior ::run [ RunTime:0.063733s ]
INFO: [ view_parse ] --END-- [ RunTime:0.064152s ]
INFO: [ view_filter ] --START--
INFO: ContentReplace Behavior ::run [ RunTime:0.003415s ]
INFO: TokenBuild Behavior ::run [ RunTime:0.003162s ]
INFO: WriteHtmlCache Behavior ::run [ RunTime:0.002520s ]
INFO: ShowRuntime Behavior ::run [ RunTime:0.004383s ]
INFO: [ view_filter ] --END-- [ RunTime:0.014288s ]
NOTIC: [2] Cannot modify header information - headers already sent by (output started at D:\Program Files (x86)\xampp\htdocs\juhuodong\Home\Conf\config.php:1) D:\Program Files (x86)\xampp\htdocs\juhuodong\ThinkPHP\Lib\Core\View.class.php 第 95 行.
NOTIC: [2] Cannot modify header information - headers already sent by (output started at D:\Program Files (x86)\xampp\htdocs\juhuodong\Home\Conf\config.php:1) D:\Program Files (x86)\xampp\htdocs\juhuodong\ThinkPHP\Lib\Core\View.class.php 第 96 行.
NOTIC: [2] Cannot modify header information - headers already sent by (output started at D:\Program Files (x86)\xampp\htdocs\juhuodong\Home\Conf\config.php:1) D:\Program Files (x86)\xampp\htdocs\juhuodong\ThinkPHP\Lib\Core\View.class.php 第 97 行.
INFO: [ view_end ] --START--
INFO: ShowPageTrace Behavior ::run [ RunTime:0.006570s ]
INFO: [ view_end ] --END-- [ RunTime:0.006882s ]

[ 2014-05-04T20:38:07+08:00 ] 127.0.0.1 /juhuodong/index.php/Touxiang/index
INFO: [ route_check ] --START--
INFO: CheckRoute Behavior ::run [ RunTime:0.004729s ]
INFO: [ route_check ] --END-- [ RunTime:0.005059s ]
INFO: [ app_begin ] --START--
INFO: ReadHtmlCache Behavior ::run [ RunTime:0.009070s ]
INFO: [ app_begin ] --END-- [ RunTime:0.009418s ]
NOTIC: [2] session_start() [<a href='function.session-start'>function.session-start</a>]: Cannot send session cache limiter - headers already sent (output started at D:\Program Files (x86)\xampp\htdocs\juhuodong\Home\Conf\config.php:1) D:\Program Files (x86)\xampp\htdocs\juhuodong\ThinkPHP\Common\functions.php 第 566 行.
INFO: [ view_parse ] --START--
INFO: ParseTemplate Behavior ::run [ RunTime:0.055825s ]
INFO: [ view_parse ] --END-- [ RunTime:0.056185s ]
INFO: [ view_filter ] --START--
INFO: ContentReplace Behavior ::run [ RunTime:0.002894s ]
INFO: TokenBuild Behavior ::run [ RunTime:0.002769s ]
INFO: WriteHtmlCache Behavior ::run [ RunTime:0.002278s ]
INFO: ShowRuntime Behavior ::run [ RunTime:0.003046s ]
INFO: [ view_filter ] --END-- [ RunTime:0.011739s ]
NOTIC: [2] Cannot modify header information - headers already sent by (output started at D:\Program Files (x86)\xampp\htdocs\juhuodong\Home\Conf\config.php:1) D:\Program Files (x86)\xampp\htdocs\juhuodong\ThinkPHP\Lib\Core\View.class.php 第 95 行.
NOTIC: [2] Cannot modify header information - headers already sent by (output started at D:\Program Files (x86)\xampp\htdocs\juhuodong\Home\Conf\config.php:1) D:\Program Files (x86)\xampp\htdocs\juhuodong\ThinkPHP\Lib\Core\View.class.php 第 96 行.
NOTIC: [2] Cannot modify header information - headers already sent by (output started at D:\Program Files (x86)\xampp\htdocs\juhuodong\Home\Conf\config.php:1) D:\Program Files (x86)\xampp\htdocs\juhuodong\ThinkPHP\Lib\Core\View.class.php 第 97 行.
INFO: [ view_end ] --START--
INFO: ShowPageTrace Behavior ::run [ RunTime:0.005399s ]
INFO: [ view_end ] --END-- [ RunTime:0.005686s ]

[ 2014-05-04T20:39:30+08:00 ] 127.0.0.1 /juhuodong/index.php/Touxiang/index
INFO: [ route_check ] --START--
INFO: CheckRoute Behavior ::run [ RunTime:0.008757s ]
INFO: [ route_check ] --END-- [ RunTime:0.009584s ]
INFO: [ app_begin ] --START--
INFO: ReadHtmlCache Behavior ::run [ RunTime:0.005592s ]
INFO: [ app_begin ] --END-- [ RunTime:0.006089s ]
NOTIC: [2] session_start() [<a href='function.session-start'>function.session-start</a>]: Cannot send session cache limiter - headers already sent (output started at D:\Program Files (x86)\xampp\htdocs\juhuodong\Home\Conf\config.php:1) D:\Program Files (x86)\xampp\htdocs\juhuodong\ThinkPHP\Common\functions.php 第 566 行.
INFO: [ view_parse ] --START--
INFO: ParseTemplate Behavior ::run [ RunTime:0.052725s ]
INFO: [ view_parse ] --END-- [ RunTime:0.053100s ]
INFO: [ view_filter ] --START--
INFO: ContentReplace Behavior ::run [ RunTime:0.004718s ]
INFO: TokenBuild Behavior ::run [ RunTime:0.004403s ]
INFO: WriteHtmlCache Behavior ::run [ RunTime:0.002321s ]
INFO: ShowRuntime Behavior ::run [ RunTime:0.003031s ]
INFO: [ view_filter ] --END-- [ RunTime:0.015234s ]
NOTIC: [2] Cannot modify header information - headers already sent by (output started at D:\Program Files (x86)\xampp\htdocs\juhuodong\Home\Conf\config.php:1) D:\Program Files (x86)\xampp\htdocs\juhuodong\ThinkPHP\Lib\Core\View.class.php 第 95 行.
NOTIC: [2] Cannot modify header information - headers already sent by (output started at D:\Program Files (x86)\xampp\htdocs\juhuodong\Home\Conf\config.php:1) D:\Program Files (x86)\xampp\htdocs\juhuodong\ThinkPHP\Lib\Core\View.class.php 第 96 行.
NOTIC: [2] Cannot modify header information - headers already sent by (output started at D:\Program Files (x86)\xampp\htdocs\juhuodong\Home\Conf\config.php:1) D:\Program Files (x86)\xampp\htdocs\juhuodong\ThinkPHP\Lib\Core\View.class.php 第 97 行.
INFO: [ view_end ] --START--
INFO: ShowPageTrace Behavior ::run [ RunTime:0.007332s ]
INFO: [ view_end ] --END-- [ RunTime:0.007587s ]

[ 2014-05-04T20:39:40+08:00 ] 127.0.0.1 /juhuodong/index.php/Touxiang/uploadImg
INFO: [ route_check ] --START--
INFO: CheckRoute Behavior ::run [ RunTime:0.004178s ]
INFO: [ route_check ] --END-- [ RunTime:0.004495s ]
INFO: [ app_begin ] --START--
INFO: ReadHtmlCache Behavior ::run [ RunTime:0.002747s ]
INFO: [ app_begin ] --END-- [ RunTime:0.003019s ]
NOTIC: [2] session_start() [<a href='function.session-start'>function.session-start</a>]: Cannot send session cache limiter - headers already sent (output started at D:\Program Files (x86)\xampp\htdocs\juhuodong\Home\Conf\config.php:1) D:\Program Files (x86)\xampp\htdocs\juhuodong\ThinkPHP\Common\functions.php 第 566 行.
NOTIC: [8] Undefined variable: user_path D:\Program Files (x86)\xampp\htdocs\juhuodong\Home\Lib\Action\TouxiangAction.class.php 第 27 行.
NOTIC: [2] Cannot modify header information - headers already sent by (output started at D:\Program Files (x86)\xampp\htdocs\juhuodong\Home\Conf\config.php:1) D:\Program Files (x86)\xampp\htdocs\juhuodong\ThinkPHP\Lib\Core\Action.class.php 第 321 行.

[ 2014-05-04T20:39:40+08:00 ] 127.0.0.1 /juhuodong/index.php/Touxiang/undefined?random=0.3862013058435453
INFO: [ route_check ] --START--
INFO: CheckRoute Behavior ::run [ RunTime:0.003222s ]
INFO: [ route_check ] --END-- [ RunTime:0.003566s ]
INFO: [ app_begin ] --START--
INFO: ReadHtmlCache Behavior ::run [ RunTime:0.002171s ]
INFO: [ app_begin ] --END-- [ RunTime:0.002651s ]
NOTIC: [2] session_start() [<a href='function.session-start'>function.session-start</a>]: Cannot send session cache limiter - headers already sent (output started at D:\Program Files (x86)\xampp\htdocs\juhuodong\Home\Conf\config.php:1) D:\Program Files (x86)\xampp\htdocs\juhuodong\ThinkPHP\Common\functions.php 第 566 行.
ERR: 非法操作:undefined

[ 2014-05-04T20:39:40+08:00 ] 127.0.0.1 /juhuodong/index.php/Touxiang/undefined?random=0.854796930094209
INFO: [ route_check ] --START--
INFO: CheckRoute Behavior ::run [ RunTime:0.004710s ]
INFO: [ route_check ] --END-- [ RunTime:0.005034s ]
INFO: [ app_begin ] --START--
INFO: ReadHtmlCache Behavior ::run [ RunTime:0.006016s ]
INFO: [ app_begin ] --END-- [ RunTime:0.006459s ]
NOTIC: [2] session_start() [<a href='function.session-start'>function.session-start</a>]: Cannot send session cache limiter - headers already sent (output started at D:\Program Files (x86)\xampp\htdocs\juhuodong\Home\Conf\config.php:1) D:\Program Files (x86)\xampp\htdocs\juhuodong\ThinkPHP\Common\functions.php 第 566 行.
ERR: 非法操作:undefined

[ 2014-05-04T20:39:46+08:00 ] 127.0.0.1 /juhuodong/index.php/Touxiang/cropImg
INFO: [ route_check ] --START--
INFO: CheckRoute Behavior ::run [ RunTime:0.004447s ]
INFO: [ route_check ] --END-- [ RunTime:0.005024s ]
INFO: [ app_begin ] --START--
INFO: ReadHtmlCache Behavior ::run [ RunTime:0.002895s ]
INFO: [ app_begin ] --END-- [ RunTime:0.003332s ]
NOTIC: [2] session_start() [<a href='function.session-start'>function.session-start</a>]: Cannot send session cache limiter - headers already sent (output started at D:\Program Files (x86)\xampp\htdocs\juhuodong\Home\Conf\config.php:1) D:\Program Files (x86)\xampp\htdocs\juhuodong\ThinkPHP\Common\functions.php 第 566 行.
NOTIC: 建议使用I方法替代_post
NOTIC: [2] imagecreatetruecolor() [<a href='function.imagecreatetruecolor'>function.imagecreatetruecolor</a>]: Invalid image dimensions D:\Program Files (x86)\xampp\htdocs\juhuodong\ThinkPHP\Extend\Library\ORG\ThinkImage\Driver\ImageGd.class.php 第 167 行.
NOTIC: [2] imagecolorallocate(): supplied argument is not a valid Image resource D:\Program Files (x86)\xampp\htdocs\juhuodong\ThinkPHP\Extend\Library\ORG\ThinkImage\Driver\ImageGd.class.php 第 169 行.
NOTIC: [2] imagefill(): supplied argument is not a valid Image resource D:\Program Files (x86)\xampp\htdocs\juhuodong\ThinkPHP\Extend\Library\ORG\ThinkImage\Driver\ImageGd.class.php 第 170 行.
NOTIC: [2] imagecopyresampled(): supplied argument is not a valid Image resource D:\Program Files (x86)\xampp\htdocs\juhuodong\ThinkPHP\Extend\Library\ORG\ThinkImage\Driver\ImageGd.class.php 第 173 行.
ERR: 没有可以被保存的图像资源

[ 2014-05-04T20:41:39+08:00 ] 127.0.0.1 /juhuodong/index.php/Touxiang/index
INFO: [ route_check ] --START--
INFO: CheckRoute Behavior ::run [ RunTime:0.003178s ]
INFO: [ route_check ] --END-- [ RunTime:0.003409s ]
INFO: [ app_begin ] --START--
INFO: ReadHtmlCache Behavior ::run [ RunTime:0.004024s ]
INFO: [ app_begin ] --END-- [ RunTime:0.004396s ]
NOTIC: [2] session_start() [<a href='function.session-start'>function.session-start</a>]: Cannot send session cache limiter - headers already sent (output started at D:\Program Files (x86)\xampp\htdocs\juhuodong\Home\Conf\config.php:1) D:\Program Files (x86)\xampp\htdocs\juhuodong\ThinkPHP\Common\functions.php 第 566 行.
INFO: [ view_parse ] --START--
INFO: ParseTemplate Behavior ::run [ RunTime:0.037636s ]
INFO: [ view_parse ] --END-- [ RunTime:0.038029s ]
INFO: [ view_filter ] --START--
INFO: ContentReplace Behavior ::run [ RunTime:0.004131s ]
INFO: TokenBuild Behavior ::run [ RunTime:0.003784s ]
INFO: WriteHtmlCache Behavior ::run [ RunTime:0.001968s ]
INFO: ShowRuntime Behavior ::run [ RunTime:0.002482s ]
INFO: [ view_filter ] --END-- [ RunTime:0.013012s ]
NOTIC: [2] Cannot modify header information - headers already sent by (output started at D:\Program Files (x86)\xampp\htdocs\juhuodong\Home\Conf\config.php:1) D:\Program Files (x86)\xampp\htdocs\juhuodong\ThinkPHP\Lib\Core\View.class.php 第 95 行.
NOTIC: [2] Cannot modify header information - headers already sent by (output started at D:\Program Files (x86)\xampp\htdocs\juhuodong\Home\Conf\config.php:1) D:\Program Files (x86)\xampp\htdocs\juhuodong\ThinkPHP\Lib\Core\View.class.php 第 96 行.
NOTIC: [2] Cannot modify header information - headers already sent by (output started at D:\Program Files (x86)\xampp\htdocs\juhuodong\Home\Conf\config.php:1) D:\Program Files (x86)\xampp\htdocs\juhuodong\ThinkPHP\Lib\Core\View.class.php 第 97 行.
INFO: [ view_end ] --START--
INFO: ShowPageTrace Behavior ::run [ RunTime:0.005209s ]
INFO: [ view_end ] --END-- [ RunTime:0.005555s ]

[ 2014-05-04T20:41:51+08:00 ] 127.0.0.1 /juhuodong/index.php/Touxiang/uploadImg
INFO: [ route_check ] --START--
INFO: CheckRoute Behavior ::run [ RunTime:0.002997s ]
INFO: [ route_check ] --END-- [ RunTime:0.003281s ]
INFO: [ app_begin ] --START--
INFO: ReadHtmlCache Behavior ::run [ RunTime:0.002289s ]
INFO: [ app_begin ] --END-- [ RunTime:0.002562s ]
NOTIC: [2] session_start() [<a href='function.session-start'>function.session-start</a>]: Cannot send session cache limiter - headers already sent (output started at D:\Program Files (x86)\xampp\htdocs\juhuodong\Home\Conf\config.php:1) D:\Program Files (x86)\xampp\htdocs\juhuodong\ThinkPHP\Common\functions.php 第 566 行.
NOTIC: [8] Undefined variable: user_path D:\Program Files (x86)\xampp\htdocs\juhuodong\Home\Lib\Action\TouxiangAction.class.php 第 27 行.
NOTIC: [2] Cannot modify header information - headers already sent by (output started at D:\Program Files (x86)\xampp\htdocs\juhuodong\Home\Conf\config.php:1) D:\Program Files (x86)\xampp\htdocs\juhuodong\ThinkPHP\Lib\Core\Action.class.php 第 321 行.

[ 2014-05-04T20:41:51+08:00 ] 127.0.0.1 /juhuodong/index.php/Touxiang/undefined?random=0.26436822208387767
INFO: [ route_check ] --START--
INFO: CheckRoute Behavior ::run [ RunTime:0.005586s ]
INFO: [ route_check ] --END-- [ RunTime:0.005864s ]
INFO: [ app_begin ] --START--
INFO: ReadHtmlCache Behavior ::run [ RunTime:0.006900s ]
INFO: [ app_begin ] --END-- [ RunTime:0.007329s ]
NOTIC: [2] session_start() [<a href='function.session-start'>function.session-start</a>]: Cannot send session cache limiter - headers already sent (output started at D:\Program Files (x86)\xampp\htdocs\juhuodong\Home\Conf\config.php:1) D:\Program Files (x86)\xampp\htdocs\juhuodong\ThinkPHP\Common\functions.php 第 566 行.
ERR: 非法操作:undefined

[ 2014-05-04T20:41:51+08:00 ] 127.0.0.1 /juhuodong/index.php/Touxiang/undefined?random=0.5565520479579671
INFO: [ route_check ] --START--
INFO: CheckRoute Behavior ::run [ RunTime:0.002992s ]
INFO: [ route_check ] --END-- [ RunTime:0.003218s ]
INFO: [ app_begin ] --START--
INFO: ReadHtmlCache Behavior ::run [ RunTime:0.002740s ]
INFO: [ app_begin ] --END-- [ RunTime:0.003261s ]
NOTIC: [2] session_start() [<a href='function.session-start'>function.session-start</a>]: Cannot send session cache limiter - headers already sent (output started at D:\Program Files (x86)\xampp\htdocs\juhuodong\Home\Conf\config.php:1) D:\Program Files (x86)\xampp\htdocs\juhuodong\ThinkPHP\Common\functions.php 第 566 行.
ERR: 非法操作:undefined

[ 2014-05-04T20:41:53+08:00 ] 127.0.0.1 /juhuodong/index.php/Touxiang/cropImg
INFO: [ route_check ] --START--
INFO: CheckRoute Behavior ::run [ RunTime:0.004599s ]
INFO: [ route_check ] --END-- [ RunTime:0.005165s ]
INFO: [ app_begin ] --START--
INFO: ReadHtmlCache Behavior ::run [ RunTime:0.002763s ]
INFO: [ app_begin ] --END-- [ RunTime:0.003171s ]
NOTIC: [2] session_start() [<a href='function.session-start'>function.session-start</a>]: Cannot send session cache limiter - headers already sent (output started at D:\Program Files (x86)\xampp\htdocs\juhuodong\Home\Conf\config.php:1) D:\Program Files (x86)\xampp\htdocs\juhuodong\ThinkPHP\Common\functions.php 第 566 行.
NOTIC: 建议使用I方法替代_post
NOTIC: [2] imagecreatetruecolor() [<a href='function.imagecreatetruecolor'>function.imagecreatetruecolor</a>]: Invalid image dimensions D:\Program Files (x86)\xampp\htdocs\juhuodong\ThinkPHP\Extend\Library\ORG\ThinkImage\Driver\ImageGd.class.php 第 167 行.
NOTIC: [2] imagecolorallocate(): supplied argument is not a valid Image resource D:\Program Files (x86)\xampp\htdocs\juhuodong\ThinkPHP\Extend\Library\ORG\ThinkImage\Driver\ImageGd.class.php 第 169 行.
NOTIC: [2] imagefill(): supplied argument is not a valid Image resource D:\Program Files (x86)\xampp\htdocs\juhuodong\ThinkPHP\Extend\Library\ORG\ThinkImage\Driver\ImageGd.class.php 第 170 行.
NOTIC: [2] imagecopyresampled(): supplied argument is not a valid Image resource D:\Program Files (x86)\xampp\htdocs\juhuodong\ThinkPHP\Extend\Library\ORG\ThinkImage\Driver\ImageGd.class.php 第 173 行.
ERR: 没有可以被保存的图像资源

[ 2014-05-04T20:42:08+08:00 ] 127.0.0.1 /juhuodong/index.php/Touxiang/index
INFO: [ route_check ] --START--
INFO: CheckRoute Behavior ::run [ RunTime:0.004827s ]
INFO: [ route_check ] --END-- [ RunTime:0.005350s ]
INFO: [ app_begin ] --START--
INFO: ReadHtmlCache Behavior ::run [ RunTime:0.003439s ]
INFO: [ app_begin ] --END-- [ RunTime:0.003916s ]
NOTIC: [2] session_start() [<a href='function.session-start'>function.session-start</a>]: Cannot send session cache limiter - headers already sent (output started at D:\Program Files (x86)\xampp\htdocs\juhuodong\Home\Conf\config.php:1) D:\Program Files (x86)\xampp\htdocs\juhuodong\ThinkPHP\Common\functions.php 第 566 行.
INFO: [ view_parse ] --START--
INFO: ParseTemplate Behavior ::run [ RunTime:0.044985s ]
INFO: [ view_parse ] --END-- [ RunTime:0.045505s ]
INFO: [ view_filter ] --START--
INFO: ContentReplace Behavior ::run [ RunTime:0.002261s ]
INFO: TokenBuild Behavior ::run [ RunTime:0.005423s ]
INFO: WriteHtmlCache Behavior ::run [ RunTime:0.002465s ]
INFO: ShowRuntime Behavior ::run [ RunTime:0.002938s ]
INFO: [ view_filter ] --END-- [ RunTime:0.014329s ]
NOTIC: [2] Cannot modify header information - headers already sent by (output started at D:\Program Files (x86)\xampp\htdocs\juhuodong\Home\Conf\config.php:1) D:\Program Files (x86)\xampp\htdocs\juhuodong\ThinkPHP\Lib\Core\View.class.php 第 95 行.
NOTIC: [2] Cannot modify header information - headers already sent by (output started at D:\Program Files (x86)\xampp\htdocs\juhuodong\Home\Conf\config.php:1) D:\Program Files (x86)\xampp\htdocs\juhuodong\ThinkPHP\Lib\Core\View.class.php 第 96 行.
NOTIC: [2] Cannot modify header information - headers already sent by (output started at D:\Program Files (x86)\xampp\htdocs\juhuodong\Home\Conf\config.php:1) D:\Program Files (x86)\xampp\htdocs\juhuodong\ThinkPHP\Lib\Core\View.class.php 第 97 行.
INFO: [ view_end ] --START--
INFO: ShowPageTrace Behavior ::run [ RunTime:0.007467s ]
INFO: [ view_end ] --END-- [ RunTime:0.008007s ]

[ 2014-05-04T20:43:41+08:00 ] 127.0.0.1 /juhuodong/index.php/Touxiang/index
INFO: [ route_check ] --START--
INFO: CheckRoute Behavior ::run [ RunTime:0.002932s ]
INFO: [ route_check ] --END-- [ RunTime:0.003255s ]
INFO: [ app_begin ] --START--
INFO: ReadHtmlCache Behavior ::run [ RunTime:0.001867s ]
INFO: [ app_begin ] --END-- [ RunTime:0.002174s ]
NOTIC: [2] session_start() [<a href='function.session-start'>function.session-start</a>]: Cannot send session cache limiter - headers already sent (output started at D:\Program Files (x86)\xampp\htdocs\juhuodong\Home\Conf\config.php:1) D:\Program Files (x86)\xampp\htdocs\juhuodong\ThinkPHP\Common\functions.php 第 566 行.
INFO: [ view_parse ] --START--
INFO: ParseTemplate Behavior ::run [ RunTime:0.049592s ]
INFO: [ view_parse ] --END-- [ RunTime:0.050011s ]
INFO: [ view_filter ] --START--
INFO: ContentReplace Behavior ::run [ RunTime:0.003355s ]
INFO: TokenBuild Behavior ::run [ RunTime:0.005113s ]
INFO: WriteHtmlCache Behavior ::run [ RunTime:0.007318s ]
INFO: ShowRuntime Behavior ::run [ RunTime:0.005497s ]
INFO: [ view_filter ] --END-- [ RunTime:0.022308s ]
NOTIC: [2] Cannot modify header information - headers already sent by (output started at D:\Program Files (x86)\xampp\htdocs\juhuodong\Home\Conf\config.php:1) D:\Program Files (x86)\xampp\htdocs\juhuodong\ThinkPHP\Lib\Core\View.class.php 第 95 行.
NOTIC: [2] Cannot modify header information - headers already sent by (output started at D:\Program Files (x86)\xampp\htdocs\juhuodong\Home\Conf\config.php:1) D:\Program Files (x86)\xampp\htdocs\juhuodong\ThinkPHP\Lib\Core\View.class.php 第 96 行.
NOTIC: [2] Cannot modify header information - headers already sent by (output started at D:\Program Files (x86)\xampp\htdocs\juhuodong\Home\Conf\config.php:1) D:\Program Files (x86)\xampp\htdocs\juhuodong\ThinkPHP\Lib\Core\View.class.php 第 97 行.
INFO: [ view_end ] --START--
INFO: ShowPageTrace Behavior ::run [ RunTime:0.005987s ]
INFO: [ view_end ] --END-- [ RunTime:0.007432s ]

[ 2014-05-04T20:43:52+08:00 ] 127.0.0.1 /juhuodong/index.php/Touxiang/uploadImg
INFO: [ route_check ] --START--
INFO: CheckRoute Behavior ::run [ RunTime:0.003144s ]
INFO: [ route_check ] --END-- [ RunTime:0.003370s ]
INFO: [ app_begin ] --START--
INFO: ReadHtmlCache Behavior ::run [ RunTime:0.003692s ]
INFO: [ app_begin ] --END-- [ RunTime:0.003967s ]
NOTIC: [2] session_start() [<a href='function.session-start'>function.session-start</a>]: Cannot send session cache limiter - headers already sent (output started at D:\Program Files (x86)\xampp\htdocs\juhuodong\Home\Conf\config.php:1) D:\Program Files (x86)\xampp\htdocs\juhuodong\ThinkPHP\Common\functions.php 第 566 行.
NOTIC: [8] Undefined variable: user_path D:\Program Files (x86)\xampp\htdocs\juhuodong\Home\Lib\Action\TouxiangAction.class.php 第 27 行.
NOTIC: [2] Cannot modify header information - headers already sent by (output started at D:\Program Files (x86)\xampp\htdocs\juhuodong\Home\Conf\config.php:1) D:\Program Files (x86)\xampp\htdocs\juhuodong\ThinkPHP\Lib\Core\Action.class.php 第 321 行.

[ 2014-05-04T20:43:52+08:00 ] 127.0.0.1 /juhuodong/index.php/Touxiang/undefined?random=0.6410232988459581
INFO: [ route_check ] --START--
INFO: CheckRoute Behavior ::run [ RunTime:0.006584s ]
INFO: [ route_check ] --END-- [ RunTime:0.006817s ]
INFO: [ app_begin ] --START--
INFO: ReadHtmlCache Behavior ::run [ RunTime:0.005297s ]
INFO: [ app_begin ] --END-- [ RunTime:0.005611s ]
NOTIC: [2] session_start() [<a href='function.session-start'>function.session-start</a>]: Cannot send session cache limiter - headers already sent (output started at D:\Program Files (x86)\xampp\htdocs\juhuodong\Home\Conf\config.php:1) D:\Program Files (x86)\xampp\htdocs\juhuodong\ThinkPHP\Common\functions.php 第 566 行.
ERR: 非法操作:undefined

[ 2014-05-04T20:43:52+08:00 ] 127.0.0.1 /juhuodong/index.php/Touxiang/undefined?random=0.10350246784967632
INFO: [ route_check ] --START--
INFO: CheckRoute Behavior ::run [ RunTime:0.005068s ]
INFO: [ route_check ] --END-- [ RunTime:0.006127s ]
INFO: [ app_begin ] --START--
INFO: ReadHtmlCache Behavior ::run [ RunTime:0.003003s ]
INFO: [ app_begin ] --END-- [ RunTime:0.003276s ]
NOTIC: [2] session_start() [<a href='function.session-start'>function.session-start</a>]: Cannot send session cache limiter - headers already sent (output started at D:\Program Files (x86)\xampp\htdocs\juhuodong\Home\Conf\config.php:1) D:\Program Files (x86)\xampp\htdocs\juhuodong\ThinkPHP\Common\functions.php 第 566 行.
ERR: 非法操作:undefined

[ 2014-05-04T20:50:34+08:00 ] 127.0.0.1 /juhuodong/index.php/Touxiang/index
INFO: [ route_check ] --START--
INFO: CheckRoute Behavior ::run [ RunTime:0.006146s ]
INFO: [ route_check ] --END-- [ RunTime:0.006436s ]
INFO: [ app_begin ] --START--
INFO: ReadHtmlCache Behavior ::run [ RunTime:0.006023s ]
INFO: [ app_begin ] --END-- [ RunTime:0.006306s ]
NOTIC: [2] session_start() [<a href='function.session-start'>function.session-start</a>]: Cannot send session cache limiter - headers already sent (output started at D:\Program Files (x86)\xampp\htdocs\juhuodong\Home\Conf\config.php:1) D:\Program Files (x86)\xampp\htdocs\juhuodong\ThinkPHP\Common\functions.php 第 566 行.
INFO: [ view_parse ] --START--
INFO: ParseTemplate Behavior ::run [ RunTime:0.051230s ]
INFO: [ view_parse ] --END-- [ RunTime:0.051595s ]
INFO: [ view_filter ] --START--
INFO: ContentReplace Behavior ::run [ RunTime:0.005974s ]
INFO: TokenBuild Behavior ::run [ RunTime:0.007093s ]
INFO: WriteHtmlCache Behavior ::run [ RunTime:0.005414s ]
INFO: ShowRuntime Behavior ::run [ RunTime:0.004756s ]
INFO: [ view_filter ] --END-- [ RunTime:0.024087s ]
NOTIC: [2] Cannot modify header information - headers already sent by (output started at D:\Program Files (x86)\xampp\htdocs\juhuodong\Home\Conf\config.php:1) D:\Program Files (x86)\xampp\htdocs\juhuodong\ThinkPHP\Lib\Core\View.class.php 第 95 行.
NOTIC: [2] Cannot modify header information - headers already sent by (output started at D:\Program Files (x86)\xampp\htdocs\juhuodong\Home\Conf\config.php:1) D:\Program Files (x86)\xampp\htdocs\juhuodong\ThinkPHP\Lib\Core\View.class.php 第 96 行.
NOTIC: [2] Cannot modify header information - headers already sent by (output started at D:\Program Files (x86)\xampp\htdocs\juhuodong\Home\Conf\config.php:1) D:\Program Files (x86)\xampp\htdocs\juhuodong\ThinkPHP\Lib\Core\View.class.php 第 97 行.
INFO: [ view_end ] --START--
INFO: ShowPageTrace Behavior ::run [ RunTime:0.004312s ]
INFO: [ view_end ] --END-- [ RunTime:0.004781s ]

[ 2014-05-04T20:50:42+08:00 ] 127.0.0.1 /juhuodong/index.php/Touxiang/uploadImg
INFO: [ route_check ] --START--
INFO: CheckRoute Behavior ::run [ RunTime:0.005144s ]
INFO: [ route_check ] --END-- [ RunTime:0.005434s ]
INFO: [ app_begin ] --START--
INFO: ReadHtmlCache Behavior ::run [ RunTime:0.003625s ]
INFO: [ app_begin ] --END-- [ RunTime:0.003947s ]
NOTIC: [2] session_start() [<a href='function.session-start'>function.session-start</a>]: Cannot send session cache limiter - headers already sent (output started at D:\Program Files (x86)\xampp\htdocs\juhuodong\Home\Conf\config.php:1) D:\Program Files (x86)\xampp\htdocs\juhuodong\ThinkPHP\Common\functions.php 第 566 行.
NOTIC: [8] Undefined variable: user_path D:\Program Files (x86)\xampp\htdocs\juhuodong\Home\Lib\Action\TouxiangAction.class.php 第 27 行.
NOTIC: [2] Cannot modify header information - headers already sent by (output started at D:\Program Files (x86)\xampp\htdocs\juhuodong\Home\Conf\config.php:1) D:\Program Files (x86)\xampp\htdocs\juhuodong\ThinkPHP\Lib\Core\Action.class.php 第 321 行.

[ 2014-05-04T20:51:04+08:00 ] 127.0.0.1 /juhuodong/index.php/Touxiang/cropImg
INFO: [ route_check ] --START--
INFO: CheckRoute Behavior ::run [ RunTime:0.006163s ]
INFO: [ route_check ] --END-- [ RunTime:0.006478s ]
INFO: [ app_begin ] --START--
INFO: ReadHtmlCache Behavior ::run [ RunTime:0.002891s ]
INFO: [ app_begin ] --END-- [ RunTime:0.003170s ]
NOTIC: [2] session_start() [<a href='function.session-start'>function.session-start</a>]: Cannot send session cache limiter - headers already sent (output started at D:\Program Files (x86)\xampp\htdocs\juhuodong\Home\Conf\config.php:1) D:\Program Files (x86)\xampp\htdocs\juhuodong\ThinkPHP\Common\functions.php 第 566 行.
NOTIC: 建议使用I方法替代_post
INFO: [ view_parse ] --START--
INFO: ParseTemplate Behavior ::run [ RunTime:0.068551s ]
INFO: [ view_parse ] --END-- [ RunTime:0.069580s ]
INFO: [ view_filter ] --START--
INFO: ContentReplace Behavior ::run [ RunTime:0.002667s ]
INFO: TokenBuild Behavior ::run [ RunTime:0.004308s ]
INFO: WriteHtmlCache Behavior ::run [ RunTime:0.002378s ]
INFO: ShowRuntime Behavior ::run [ RunTime:0.002990s ]
INFO: [ view_filter ] --END-- [ RunTime:0.013104s ]
NOTIC: [2] Cannot modify header information - headers already sent by (output started at D:\Program Files (x86)\xampp\htdocs\juhuodong\Home\Conf\config.php:1) D:\Program Files (x86)\xampp\htdocs\juhuodong\ThinkPHP\Lib\Core\View.class.php 第 95 行.
NOTIC: [2] Cannot modify header information - headers already sent by (output started at D:\Program Files (x86)\xampp\htdocs\juhuodong\Home\Conf\config.php:1) D:\Program Files (x86)\xampp\htdocs\juhuodong\ThinkPHP\Lib\Core\View.class.php 第 96 行.
NOTIC: [2] Cannot modify header information - headers already sent by (output started at D:\Program Files (x86)\xampp\htdocs\juhuodong\Home\Conf\config.php:1) D:\Program Files (x86)\xampp\htdocs\juhuodong\ThinkPHP\Lib\Core\View.class.php 第 97 行.
INFO: [ view_end ] --START--
INFO: ShowPageTrace Behavior ::run [ RunTime:0.005623s ]
INFO: [ view_end ] --END-- [ RunTime:0.006148s ]

[ 2014-05-04T20:51:06+08:00 ] 127.0.0.1 /juhuodong/index.php/Touxiang/index
INFO: [ route_check ] --START--
INFO: CheckRoute Behavior ::run [ RunTime:0.008779s ]
INFO: [ route_check ] --END-- [ RunTime:0.009285s ]
INFO: [ app_begin ] --START--
INFO: ReadHtmlCache Behavior ::run [ RunTime:0.011517s ]
INFO: [ app_begin ] --END-- [ RunTime:0.011924s ]
NOTIC: [2] session_start() [<a href='function.session-start'>function.session-start</a>]: Cannot send session cache limiter - headers already sent (output started at D:\Program Files (x86)\xampp\htdocs\juhuodong\Home\Conf\config.php:1) D:\Program Files (x86)\xampp\htdocs\juhuodong\ThinkPHP\Common\functions.php 第 566 行.
INFO: [ view_parse ] --START--
INFO: ParseTemplate Behavior ::run [ RunTime:0.072516s ]
INFO: [ view_parse ] --END-- [ RunTime:0.073019s ]
INFO: [ view_filter ] --START--
INFO: ContentReplace Behavior ::run [ RunTime:0.009180s ]
INFO: TokenBuild Behavior ::run [ RunTime:0.006916s ]
INFO: WriteHtmlCache Behavior ::run [ RunTime:0.006423s ]
INFO: ShowRuntime Behavior ::run [ RunTime:0.010678s ]
INFO: [ view_filter ] --END-- [ RunTime:0.034677s ]
NOTIC: [2] Cannot modify header information - headers already sent by (output started at D:\Program Files (x86)\xampp\htdocs\juhuodong\Home\Conf\config.php:1) D:\Program Files (x86)\xampp\htdocs\juhuodong\ThinkPHP\Lib\Core\View.class.php 第 95 行.
NOTIC: [2] Cannot modify header information - headers already sent by (output started at D:\Program Files (x86)\xampp\htdocs\juhuodong\Home\Conf\config.php:1) D:\Program Files (x86)\xampp\htdocs\juhuodong\ThinkPHP\Lib\Core\View.class.php 第 96 行.
NOTIC: [2] Cannot modify header information - headers already sent by (output started at D:\Program Files (x86)\xampp\htdocs\juhuodong\Home\Conf\config.php:1) D:\Program Files (x86)\xampp\htdocs\juhuodong\ThinkPHP\Lib\Core\View.class.php 第 97 行.
INFO: [ view_end ] --START--
INFO: ShowPageTrace Behavior ::run [ RunTime:0.008420s ]
INFO: [ view_end ] --END-- [ RunTime:0.008855s ]

[ 2014-05-04T20:51:09+08:00 ] 127.0.0.1 /juhuodong/index.php/Touxiang/index
INFO: [ route_check ] --START--
INFO: CheckRoute Behavior ::run [ RunTime:0.007458s ]
INFO: [ route_check ] --END-- [ RunTime:0.008011s ]
INFO: [ app_begin ] --START--
INFO: ReadHtmlCache Behavior ::run [ RunTime:0.008206s ]
INFO: [ app_begin ] --END-- [ RunTime:0.008584s ]
NOTIC: [2] session_start() [<a href='function.session-start'>function.session-start</a>]: Cannot send session cache limiter - headers already sent (output started at D:\Program Files (x86)\xampp\htdocs\juhuodong\Home\Conf\config.php:1) D:\Program Files (x86)\xampp\htdocs\juhuodong\ThinkPHP\Common\functions.php 第 566 行.
INFO: [ view_parse ] --START--
INFO: ParseTemplate Behavior ::run [ RunTime:0.072748s ]
INFO: [ view_parse ] --END-- [ RunTime:0.073320s ]
INFO: [ view_filter ] --START--
INFO: ContentReplace Behavior ::run [ RunTime:0.009269s ]
INFO: TokenBuild Behavior ::run [ RunTime:0.006411s ]
INFO: WriteHtmlCache Behavior ::run [ RunTime:0.006282s ]
INFO: ShowRuntime Behavior ::run [ RunTime:0.006974s ]
INFO: [ view_filter ] --END-- [ RunTime:0.030052s ]
NOTIC: [2] Cannot modify header information - headers already sent by (output started at D:\Program Files (x86)\xampp\htdocs\juhuodong\Home\Conf\config.php:1) D:\Program Files (x86)\xampp\htdocs\juhuodong\ThinkPHP\Lib\Core\View.class.php 第 95 行.
NOTIC: [2] Cannot modify header information - headers already sent by (output started at D:\Program Files (x86)\xampp\htdocs\juhuodong\Home\Conf\config.php:1) D:\Program Files (x86)\xampp\htdocs\juhuodong\ThinkPHP\Lib\Core\View.class.php 第 96 行.
NOTIC: [2] Cannot modify header information - headers already sent by (output started at D:\Program Files (x86)\xampp\htdocs\juhuodong\Home\Conf\config.php:1) D:\Program Files (x86)\xampp\htdocs\juhuodong\ThinkPHP\Lib\Core\View.class.php 第 97 行.
INFO: [ view_end ] --START--
INFO: ShowPageTrace Behavior ::run [ RunTime:0.009260s ]
INFO: [ view_end ] --END-- [ RunTime:0.009851s ]

[ 2014-05-04T20:52:09+08:00 ] 127.0.0.1 /juhuodong/index.php/Touxiang/index
INFO: [ route_check ] --START--
INFO: CheckRoute Behavior ::run [ RunTime:0.008243s ]
INFO: [ route_check ] --END-- [ RunTime:0.008694s ]
INFO: [ app_begin ] --START--
INFO: ReadHtmlCache Behavior ::run [ RunTime:0.007115s ]
INFO: [ app_begin ] --END-- [ RunTime:0.007507s ]
NOTIC: [2] session_start() [<a href='function.session-start'>function.session-start</a>]: Cannot send session cache limiter - headers already sent (output started at D:\Program Files (x86)\xampp\htdocs\juhuodong\Home\Conf\config.php:1) D:\Program Files (x86)\xampp\htdocs\juhuodong\ThinkPHP\Common\functions.php 第 566 行.
INFO: [ view_parse ] --START--
INFO: ParseTemplate Behavior ::run [ RunTime:0.058228s ]
INFO: [ view_parse ] --END-- [ RunTime:0.058600s ]
INFO: [ view_filter ] --START--
INFO: ContentReplace Behavior ::run [ RunTime:0.005844s ]
INFO: TokenBuild Behavior ::run [ RunTime:0.005135s ]
INFO: WriteHtmlCache Behavior ::run [ RunTime:0.006419s ]
INFO: ShowRuntime Behavior ::run [ RunTime:0.006207s ]
INFO: [ view_filter ] --END-- [ RunTime:0.024663s ]
NOTIC: [2] Cannot modify header information - headers already sent by (output started at D:\Program Files (x86)\xampp\htdocs\juhuodong\Home\Conf\config.php:1) D:\Program Files (x86)\xampp\htdocs\juhuodong\ThinkPHP\Lib\Core\View.class.php 第 95 行.
NOTIC: [2] Cannot modify header information - headers already sent by (output started at D:\Program Files (x86)\xampp\htdocs\juhuodong\Home\Conf\config.php:1) D:\Program Files (x86)\xampp\htdocs\juhuodong\ThinkPHP\Lib\Core\View.class.php 第 96 行.
NOTIC: [2] Cannot modify header information - headers already sent by (output started at D:\Program Files (x86)\xampp\htdocs\juhuodong\Home\Conf\config.php:1) D:\Program Files (x86)\xampp\htdocs\juhuodong\ThinkPHP\Lib\Core\View.class.php 第 97 行.
INFO: [ view_end ] --START--
INFO: ShowPageTrace Behavior ::run [ RunTime:0.009044s ]
INFO: [ view_end ] --END-- [ RunTime:0.009427s ]

[ 2014-05-04T20:52:10+08:00 ] 127.0.0.1 /juhuodong/index.php/Touxiang/index
INFO: [ route_check ] --START--
INFO: CheckRoute Behavior ::run [ RunTime:0.004180s ]
INFO: [ route_check ] --END-- [ RunTime:0.004462s ]
INFO: [ app_begin ] --START--
INFO: ReadHtmlCache Behavior ::run [ RunTime:0.003320s ]
INFO: [ app_begin ] --END-- [ RunTime:0.003595s ]
NOTIC: [2] session_start() [<a href='function.session-start'>function.session-start</a>]: Cannot send session cache limiter - headers already sent (output started at D:\Program Files (x86)\xampp\htdocs\juhuodong\Home\Conf\config.php:1) D:\Program Files (x86)\xampp\htdocs\juhuodong\ThinkPHP\Common\functions.php 第 566 行.
INFO: [ view_parse ] --START--
INFO: ParseTemplate Behavior ::run [ RunTime:0.041994s ]
INFO: [ view_parse ] --END-- [ RunTime:0.042279s ]
INFO: [ view_filter ] --START--
INFO: ContentReplace Behavior ::run [ RunTime:0.003998s ]
INFO: TokenBuild Behavior ::run [ RunTime:0.005482s ]
INFO: WriteHtmlCache Behavior ::run [ RunTime:0.002844s ]
INFO: ShowRuntime Behavior ::run [ RunTime:0.003559s ]
INFO: [ view_filter ] --END-- [ RunTime:0.017270s ]
NOTIC: [2] Cannot modify header information - headers already sent by (output started at D:\Program Files (x86)\xampp\htdocs\juhuodong\Home\Conf\config.php:1) D:\Program Files (x86)\xampp\htdocs\juhuodong\ThinkPHP\Lib\Core\View.class.php 第 95 行.
NOTIC: [2] Cannot modify header information - headers already sent by (output started at D:\Program Files (x86)\xampp\htdocs\juhuodong\Home\Conf\config.php:1) D:\Program Files (x86)\xampp\htdocs\juhuodong\ThinkPHP\Lib\Core\View.class.php 第 96 行.
NOTIC: [2] Cannot modify header information - headers already sent by (output started at D:\Program Files (x86)\xampp\htdocs\juhuodong\Home\Conf\config.php:1) D:\Program Files (x86)\xampp\htdocs\juhuodong\ThinkPHP\Lib\Core\View.class.php 第 97 行.
INFO: [ view_end ] --START--
INFO: ShowPageTrace Behavior ::run [ RunTime:0.005633s ]
INFO: [ view_end ] --END-- [ RunTime:0.005936s ]

[ 2014-05-04T20:52:20+08:00 ] 127.0.0.1 /juhuodong/index.php/Touxiang/uploadImg
INFO: [ route_check ] --START--
INFO: CheckRoute Behavior ::run [ RunTime:0.004364s ]
INFO: [ route_check ] --END-- [ RunTime:0.004847s ]
INFO: [ app_begin ] --START--
INFO: ReadHtmlCache Behavior ::run [ RunTime:0.002326s ]
INFO: [ app_begin ] --END-- [ RunTime:0.002679s ]
NOTIC: [2] session_start() [<a href='function.session-start'>function.session-start</a>]: Cannot send session cache limiter - headers already sent (output started at D:\Program Files (x86)\xampp\htdocs\juhuodong\Home\Conf\config.php:1) D:\Program Files (x86)\xampp\htdocs\juhuodong\ThinkPHP\Common\functions.php 第 566 行.
NOTIC: [8] Undefined variable: user_path D:\Program Files (x86)\xampp\htdocs\juhuodong\Home\Lib\Action\TouxiangAction.class.php 第 27 行.
NOTIC: [2] Cannot modify header information - headers already sent by (output started at D:\Program Files (x86)\xampp\htdocs\juhuodong\Home\Conf\config.php:1) D:\Program Files (x86)\xampp\htdocs\juhuodong\ThinkPHP\Lib\Core\Action.class.php 第 321 行.

[ 2014-05-04T20:52:37+08:00 ] 127.0.0.1 /juhuodong/index.php/Touxiang/index
INFO: [ route_check ] --START--
INFO: CheckRoute Behavior ::run [ RunTime:0.005077s ]
INFO: [ route_check ] --END-- [ RunTime:0.005418s ]
INFO: [ app_begin ] --START--
INFO: ReadHtmlCache Behavior ::run [ RunTime:0.002600s ]
INFO: [ app_begin ] --END-- [ RunTime:0.002881s ]
NOTIC: [2] session_start() [<a href='function.session-start'>function.session-start</a>]: Cannot send session cache limiter - headers already sent (output started at D:\Program Files (x86)\xampp\htdocs\juhuodong\Home\Conf\config.php:1) D:\Program Files (x86)\xampp\htdocs\juhuodong\ThinkPHP\Common\functions.php 第 566 行.
INFO: [ view_parse ] --START--
INFO: ParseTemplate Behavior ::run [ RunTime:0.043535s ]
INFO: [ view_parse ] --END-- [ RunTime:0.043905s ]
INFO: [ view_filter ] --START--
INFO: ContentReplace Behavior ::run [ RunTime:0.001439s ]
INFO: TokenBuild Behavior ::run [ RunTime:0.003822s ]
INFO: WriteHtmlCache Behavior ::run [ RunTime:0.001543s ]
INFO: ShowRuntime Behavior ::run [ RunTime:0.003867s ]
INFO: [ view_filter ] --END-- [ RunTime:0.011440s ]
NOTIC: [2] Cannot modify header information - headers already sent by (output started at D:\Program Files (x86)\xampp\htdocs\juhuodong\Home\Conf\config.php:1) D:\Program Files (x86)\xampp\htdocs\juhuodong\ThinkPHP\Lib\Core\View.class.php 第 95 行.
NOTIC: [2] Cannot modify header information - headers already sent by (output started at D:\Program Files (x86)\xampp\htdocs\juhuodong\Home\Conf\config.php:1) D:\Program Files (x86)\xampp\htdocs\juhuodong\ThinkPHP\Lib\Core\View.class.php 第 96 行.
NOTIC: [2] Cannot modify header information - headers already sent by (output started at D:\Program Files (x86)\xampp\htdocs\juhuodong\Home\Conf\config.php:1) D:\Program Files (x86)\xampp\htdocs\juhuodong\ThinkPHP\Lib\Core\View.class.php 第 97 行.
INFO: [ view_end ] --START--
INFO: ShowPageTrace Behavior ::run [ RunTime:0.007139s ]
INFO: [ view_end ] --END-- [ RunTime:0.007519s ]

[ 2014-05-04T20:52:37+08:00 ] 127.0.0.1 /juhuodong/index.php/Touxiang/index
INFO: [ route_check ] --START--
INFO: CheckRoute Behavior ::run [ RunTime:0.003770s ]
INFO: [ route_check ] --END-- [ RunTime:0.004101s ]
INFO: [ app_begin ] --START--
INFO: ReadHtmlCache Behavior ::run [ RunTime:0.001882s ]
INFO: [ app_begin ] --END-- [ RunTime:0.002181s ]
NOTIC: [2] session_start() [<a href='function.session-start'>function.session-start</a>]: Cannot send session cache limiter - headers already sent (output started at D:\Program Files (x86)\xampp\htdocs\juhuodong\Home\Conf\config.php:1) D:\Program Files (x86)\xampp\htdocs\juhuodong\ThinkPHP\Common\functions.php 第 566 行.
INFO: [ view_parse ] --START--
INFO: ParseTemplate Behavior ::run [ RunTime:0.041969s ]
INFO: [ view_parse ] --END-- [ RunTime:0.042319s ]
INFO: [ view_filter ] --START--
INFO: ContentReplace Behavior ::run [ RunTime:0.001409s ]
INFO: TokenBuild Behavior ::run [ RunTime:0.003630s ]
INFO: WriteHtmlCache Behavior ::run [ RunTime:0.001799s ]
INFO: ShowRuntime Behavior ::run [ RunTime:0.002355s ]
INFO: [ view_filter ] --END-- [ RunTime:0.009990s ]
NOTIC: [2] Cannot modify header information - headers already sent by (output started at D:\Program Files (x86)\xampp\htdocs\juhuodong\Home\Conf\config.php:1) D:\Program Files (x86)\xampp\htdocs\juhuodong\ThinkPHP\Lib\Core\View.class.php 第 95 行.
NOTIC: [2] Cannot modify header information - headers already sent by (output started at D:\Program Files (x86)\xampp\htdocs\juhuodong\Home\Conf\config.php:1) D:\Program Files (x86)\xampp\htdocs\juhuodong\ThinkPHP\Lib\Core\View.class.php 第 96 行.
NOTIC: [2] Cannot modify header information - headers already sent by (output started at D:\Program Files (x86)\xampp\htdocs\juhuodong\Home\Conf\config.php:1) D:\Program Files (x86)\xampp\htdocs\juhuodong\ThinkPHP\Lib\Core\View.class.php 第 97 行.
INFO: [ view_end ] --START--
INFO: ShowPageTrace Behavior ::run [ RunTime:0.004282s ]
INFO: [ view_end ] --END-- [ RunTime:0.004569s ]

[ 2014-05-04T20:52:48+08:00 ] 127.0.0.1 /juhuodong/index.php/Touxiang/uploadImg
INFO: [ route_check ] --START--
INFO: CheckRoute Behavior ::run [ RunTime:0.005837s ]
INFO: [ route_check ] --END-- [ RunTime:0.006573s ]
INFO: [ app_begin ] --START--
INFO: ReadHtmlCache Behavior ::run [ RunTime:0.005822s ]
INFO: [ app_begin ] --END-- [ RunTime:0.006293s ]
NOTIC: [2] session_start() [<a href='function.session-start'>function.session-start</a>]: Cannot send session cache limiter - headers already sent (output started at D:\Program Files (x86)\xampp\htdocs\juhuodong\Home\Conf\config.php:1) D:\Program Files (x86)\xampp\htdocs\juhuodong\ThinkPHP\Common\functions.php 第 566 行.
NOTIC: [8] Undefined variable: user_path D:\Program Files (x86)\xampp\htdocs\juhuodong\Home\Lib\Action\TouxiangAction.class.php 第 27 行.
NOTIC: [2] Cannot modify header information - headers already sent by (output started at D:\Program Files (x86)\xampp\htdocs\juhuodong\Home\Conf\config.php:1) D:\Program Files (x86)\xampp\htdocs\juhuodong\ThinkPHP\Lib\Core\Action.class.php 第 321 行.

[ 2014-05-04T20:53:38+08:00 ] 127.0.0.1 /juhuodong/index.php/Touxiang/uploadImg
INFO: [ route_check ] --START--
INFO: CheckRoute Behavior ::run [ RunTime:0.003557s ]
INFO: [ route_check ] --END-- [ RunTime:0.004217s ]
INFO: [ app_begin ] --START--
INFO: ReadHtmlCache Behavior ::run [ RunTime:0.002055s ]
INFO: [ app_begin ] --END-- [ RunTime:0.002334s ]
NOTIC: [2] session_start() [<a href='function.session-start'>function.session-start</a>]: Cannot send session cache limiter - headers already sent (output started at D:\Program Files (x86)\xampp\htdocs\juhuodong\Home\Conf\config.php:1) D:\Program Files (x86)\xampp\htdocs\juhuodong\ThinkPHP\Common\functions.php 第 566 行.
NOTIC: [8] Undefined variable: user_path D:\Program Files (x86)\xampp\htdocs\juhuodong\Home\Lib\Action\TouxiangAction.class.php 第 27 行.
NOTIC: [2] Cannot modify header information - headers already sent by (output started at D:\Program Files (x86)\xampp\htdocs\juhuodong\Home\Conf\config.php:1) D:\Program Files (x86)\xampp\htdocs\juhuodong\ThinkPHP\Lib\Core\Action.class.php 第 321 行.

